[sample_agent] Starting direct MAVLink parameter counter at 1.
[sample_agent] 13147306282546;0;1
[sample_agent] 13147866290851;1;2
[sample_agent] 13148173999647;2;3
[sample_agent] 13148715844693;3;4
[sample_agent] 13149014073571;4;5
[sample_agent] 13149554072143;5;6
[sample_agent] 13149841961043;6;7
[sample_agent] 13149990949938;7;8
[sample_agent] 13150137595021;8;9
[sample_agent] 13150274544445;9;10
[sample_agent] 13150422694556;10;11
[sample_agent] 13150554100313;11;12
[sample_agent] 13150681893208;12;13
[sample_agent] 13150811723109;13;14
[sample_agent] 13150937594591;14;15
[sample_agent] 13151092571736;15;16
[sample_agent] 13151233435932;16;17
[sample_agent] 13151369156830;17;18
[sample_agent] 13151504337871;18;19
[sample_agent] 13151636369833;19;20
[sample_agent] 13151764542739;20;21
[sample_agent] 13151894915524;21;22
[sample_agent] 13152022582246;22;23
[sample_agent] 13152152703017;23;24
[sample_agent] 13152279396610;24;25
[sample_agent] 13152418630688;25;26
[sample_agent] 13152542072057;26;27
[sample_agent] 13152669970890;27;28
[sample_agent] 13152813387378;28;29
[sample_agent] 13152941780979;29;30
[sample_agent] 13153090993253;30;31
[sample_agent] 13153224815777;31;32
[sample_agent] 13153353912257;32;33
[sample_agent] 13153501613427;33;34
[sample_agent] 13153641831989;34;35
[sample_agent] 13153776265013;35;36
[sample_agent] 13153904730967;36;37
[sample_agent] 13154033399390;37;38
[sample_agent] 13154160336039;38;39
[sample_agent] 13154285190008;39;40
[sample_agent] 13154410271331;40;41
[sample_agent] 13154539952743;41;42
[sample_agent] 13154667977979;42;43
[sample_agent] 13154807033870;43;44
[sample_agent] 13154935109978;44;45
[sample_agent] 13155059931170;45;46
[sample_agent] 13155183469515;46;47
[sample_agent] 13155315589031;47;48
[sample_agent] 13155454520150;48;49
[sample_agent] 13155580476049;49;50
[sample_agent] 13155707735140;50;51
[sample_agent] 13155833693538;51;52
[sample_agent] 13155956681253;52;53
[sample_agent] 13156098378390;53;54
[sample_agent] 13156247237311;54;55
[sample_agent] 13156381483113;55;56
[sample_agent] 13156523267792;56;57
[sample_agent] 13156660336000;57;58
[sample_agent] 13156786829789;58;59
[sample_agent] 13156916736232;59;60
[sample_agent] 13157051388720;60;61
[sample_agent] 13157174202219;61;62
[sample_agent] 13157331059656;62;63
[sample_agent] 13157464941823;63;64
[sample_agent] 13157600958388;64;65
[sample_agent] 13157732167762;65;66
[sample_agent] 13157860688087;66;67
[sample_agent] 13157989838143;67;68
[sample_agent] 13158118774491;68;69
[sample_agent] 13158247576608;69;70
[sample_agent] 13158384634184;70;71
[sample_agent] 13158515293485;71;72
[sample_agent] 13158642825757;72;73
[sample_agent] 13158773494758;73;74
[sample_agent] 13158905094606;74;75
[sample_agent] 13159034045436;75;76
[sample_agent] 13159087447542;76;77
[sample_agent] 13159158567688;77;78
[sample_agent] 13159215790250;78;79
[sample_agent] 13159300374511;79;80
[sample_agent] 13159342545531;80;81
[sample_agent] 13159423887089;81;82
[sample_agent] 13159466477220;82;83
[sample_agent] 13159552384628;83;84
[sample_agent] 13159591337981;84;85
[sample_agent] 13159687274879;85;86
[sample_agent] 13159812849925;86;87
[sample_agent] 13159870646074;87;88
[sample_agent] 13159939478211;88;89
[sample_agent] 13159996693392;89;90
[sample_agent] 13160049431428;90;91
[sample_agent] 13160065680353;91;92
[sample_agent] 13160118850072;92;93
[sample_agent] 13160173230046;93;94
[sample_agent] 13160251275423;94;95
[sample_agent] 13160377039648;95;96
[sample_agent] 13160507379739;96;97
[sample_agent] 13160634622620;97;98
[sample_agent] 13160791656939;98;99
[sample_agent] 13160918506243;99;100
[sample_agent] 13161040784789;100;101
[sample_agent] Direct MAVLink parameter counter finished at value 101.
