[sample_agent] Demo: upload a short mission and start AUTO mission.
[sample_agent] [GPS] lat=473979709 lon=85461640 alt=256 relAlt=84
[sample_agent] [GPS] lat=473979709 lon=85461640 alt=253 relAlt=81
[sample_agent] [GPS] lat=473979709 lon=85461640 alt=246 relAlt=74
[sample_agent] 1. Heartbeat: type=MAV_TYPE_QUADROTOR, autopilot=MAV_AUTOPILOT_PX4, base_mode=29, custom_mode=50593792, system_status=MAV_STATE_STANDBY, mavlink_version=3
[sample_agent] [GPS] lat=473979709 lon=85461640 alt=242 relAlt=69
[sample_agent] [GPS] lat=473979709 lon=85461640 alt=236 relAlt=64
[sample_agent] [GPS] lat=473979709 lon=85461640 alt=228 relAlt=56
[sample_agent] [GPS] lat=473979709 lon=85461640 alt=224 relAlt=52
[sample_agent] [GPS] lat=473979709 lon=85461640 alt=226 relAlt=3
[sample_agent] PX4 status [MAV_SEVERITY_INFO]: Armed by external command\t
[sample_agent] [GPS] lat=473979710 lon=85461640 alt=244 relAlt=21
[sample_agent] [GPS] lat=473979710 lon=85461641 alt=273 relAlt=51
[sample_agent] 1. Heartbeat: type=MAV_TYPE_QUADROTOR, autopilot=MAV_AUTOPILOT_PX4, base_mode=157, custom_mode=50593792, system_status=MAV_STATE_ACTIVE, mavlink_version=3
[sample_agent] PX4 status [MAV_SEVERITY_INFO]: Executing Mission\t
[sample_agent] [GPS] lat=473979710 lon=85461641 alt=305 relAlt=82
[sample_agent] [GPS] lat=473979710 lon=85461641 alt=331 relAlt=108
[sample_agent] 1. Heartbeat: type=MAV_TYPE_QUADROTOR, autopilot=MAV_AUTOPILOT_PX4, base_mode=157, custom_mode=67371008, system_status=MAV_STATE_ACTIVE, mavlink_version=3
[sample_agent] [GPS] lat=473979710 lon=85461641 alt=342 relAlt=119
[sample_agent] PX4 status [MAV_SEVERITY_INFO]: Takeoff detected\t
[sample_agent] [GPS] lat=473979710 lon=85461643 alt=338 relAlt=-6
[sample_agent] [GPS] lat=473979710 lon=85461643 alt=334 relAlt=-10
[sample_agent] [GPS] lat=473979710 lon=85461644 alt=319 relAlt=-25
[sample_agent] 1. Heartbeat: type=MAV_TYPE_QUADROTOR, autopilot=MAV_AUTOPILOT_PX4, base_mode=157, custom_mode=67371008, system_status=MAV_STATE_ACTIVE, mavlink_version=3
[sample_agent] [GPS] lat=473979710 lon=85461643 alt=317 relAlt=-26
[sample_agent] [GPS] lat=473979710 lon=85461643 alt=315 relAlt=-29
[sample_agent] [GPS] lat=473979710 lon=85461643 alt=314 relAlt=-30
[sample_agent] [GPS] lat=473979710 lon=85461643 alt=310 relAlt=-34
[sample_agent] [GPS] lat=473979710 lon=85461642 alt=307 relAlt=-37
[sample_agent] [GPS] lat=473979710 lon=85461642 alt=306 relAlt=-38
[sample_agent] 1. Heartbeat: type=MAV_TYPE_QUADROTOR, autopilot=MAV_AUTOPILOT_PX4, base_mode=157, custom_mode=67371008, system_status=MAV_STATE_ACTIVE, mavlink_version=3
[sample_agent] [GPS] lat=473979710 lon=85461642 alt=307 relAlt=-37
[sample_agent] [GPS] lat=473979709 lon=85461641 alt=302 relAlt=-42
[sample_agent] [GPS] lat=473979709 lon=85461640 alt=295 relAlt=-49
[sample_agent] [GPS] lat=473979708 lon=85461638 alt=292 relAlt=-52
[sample_agent] 1. Heartbeat: type=MAV_TYPE_QUADROTOR, autopilot=MAV_AUTOPILOT_PX4, base_mode=157, custom_mode=67371008, system_status=MAV_STATE_ACTIVE, mavlink_version=3
[sample_agent] [GPS] lat=473979709 lon=85461636 alt=317 relAlt=-26
[sample_agent] [GPS] lat=473979709 lon=85461633 alt=373 relAlt=28
[sample_agent] [GPS] lat=473979711 lon=85461629 alt=502 relAlt=158
[sample_agent] [GPS] lat=473979711 lon=85461628 alt=570 relAlt=226
[sample_agent] [GPS] lat=473979711 lon=85461627 alt=666 relAlt=321
[sample_agent] [GPS] lat=473979712 lon=85461626 alt=842 relAlt=497
[sample_agent] 1. Heartbeat: type=MAV_TYPE_QUADROTOR, autopilot=MAV_AUTOPILOT_PX4, base_mode=157, custom_mode=67371008, system_status=MAV_STATE_ACTIVE, mavlink_version=3
[sample_agent] [GPS] lat=473979712 lon=85461626 alt=949 relAlt=605
[sample_agent] [GPS] lat=473979712 lon=85461627 alt=1064 relAlt=719
[sample_agent] [GPS] lat=473979713 lon=85461628 alt=1161 relAlt=816
[sample_agent] [GPS] lat=473979713 lon=85461629 alt=1259 relAlt=914
[sample_agent] [GPS] lat=473979713 lon=85461631 alt=1524 relAlt=1179
[sample_agent] [GPS] lat=473979713 lon=85461633 alt=1616 relAlt=1271
[sample_agent] [GPS] lat=473979713 lon=85461635 alt=1839 relAlt=1495
[sample_agent] [GPS] lat=473979713 lon=85461636 alt=1948 relAlt=1603
[sample_agent] [GPS] lat=473979713 lon=85461636 alt=2041 relAlt=1696
[sample_agent] 1. Heartbeat: type=MAV_TYPE_QUADROTOR, autopilot=MAV_AUTOPILOT_PX4, base_mode=157, custom_mode=67371008, system_status=MAV_STATE_ACTIVE, mavlink_version=3
[sample_agent] [GPS] lat=473979713 lon=85461638 alt=2300 relAlt=1955
[sample_agent] [GPS] lat=473979713 lon=85461638 alt=2506 relAlt=2162
[sample_agent] [GPS] lat=473979713 lon=85461639 alt=2603 relAlt=2258
[sample_agent] [GPS] lat=473979713 lon=85461639 alt=2790 relAlt=2445
[sample_agent] [GPS] lat=473979712 lon=85461639 alt=2974 relAlt=2629
[sample_agent] [GPS] lat=473979712 lon=85461639 alt=3065 relAlt=2720
[sample_agent] 1. Heartbeat: type=MAV_TYPE_QUADROTOR, autopilot=MAV_AUTOPILOT_PX4, base_mode=157, custom_mode=67371008, system_status=MAV_STATE_ACTIVE, mavlink_version=3
[sample_agent] [GPS] lat=473979712 lon=85461639 alt=3213 relAlt=2868
[sample_agent] [GPS] lat=473979711 lon=85461639 alt=3385 relAlt=3040
[sample_agent] [GPS] lat=473979711 lon=85461640 alt=3519 relAlt=3175
[sample_agent] [GPS] lat=473979711 lon=85461640 alt=3565 relAlt=3220
[sample_agent] [GPS] lat=473979711 lon=85461641 alt=3662 relAlt=3317
[sample_agent] [GPS] lat=473979711 lon=85461641 alt=3692 relAlt=3347
[sample_agent] 1. Heartbeat: type=MAV_TYPE_QUADROTOR, autopilot=MAV_AUTOPILOT_PX4, base_mode=157, custom_mode=67371008, system_status=MAV_STATE_ACTIVE, mavlink_version=3
[sample_agent] [GPS] lat=473979712 lon=85461641 alt=3710 relAlt=3365
[sample_agent] [GPS] lat=473979724 lon=85461639 alt=3822 relAlt=3478
[sample_agent] [GPS] lat=473979741 lon=85461635 alt=3896 relAlt=3552
[sample_agent] [GPS] lat=473979754 lon=85461632 alt=3932 relAlt=3587
[sample_agent] [GPS] lat=473979767 lon=85461628 alt=3962 relAlt=3618
[sample_agent] [GPS] lat=473979805 lon=85461616 alt=4027 relAlt=3682
[sample_agent] 1. Heartbeat: type=MAV_TYPE_QUADROTOR, autopilot=MAV_AUTOPILOT_PX4, base_mode=157, custom_mode=67371008, system_status=MAV_STATE_ACTIVE, mavlink_version=3
[sample_agent] [GPS] lat=473979826 lon=85461612 alt=4054 relAlt=3710
[sample_agent] [GPS] lat=473979876 lon=85461610 alt=4102 relAlt=3758
[sample_agent] [GPS] lat=473979903 lon=85461614 alt=4121 relAlt=3776
[sample_agent] [GPS] lat=473979923 lon=85461618 alt=4134 relAlt=3790
[sample_agent] [GPS] lat=473979949 lon=85461625 alt=4151 relAlt=3806
[sample_agent] [GPS] lat=473979979 lon=85461633 alt=4170 relAlt=3825
[sample_agent] [GPS] lat=473979998 lon=85461639 alt=4184 relAlt=3839
[sample_agent] [GPS] lat=473980030 lon=85461651 alt=4219 relAlt=3875
[sample_agent] 1. Heartbeat: type=MAV_TYPE_QUADROTOR, autopilot=MAV_AUTOPILOT_PX4, base_mode=157, custom_mode=67371008, system_status=MAV_STATE_ACTIVE, mavlink_version=3
[sample_agent] [GPS] lat=473980064 lon=85461661 alt=4265 relAlt=3920
[sample_agent] [GPS] lat=473980086 lon=85461665 alt=4289 relAlt=3945
[sample_agent] [GPS] lat=473980097 lon=85461665 alt=4296 relAlt=3951
[sample_agent] [GPS] lat=473980106 lon=85461663 alt=4302 relAlt=3957
[sample_agent] [GPS] lat=473980113 lon=85461660 alt=4310 relAlt=3966
[sample_agent] [GPS] lat=473980121 lon=85461657 alt=4320 relAlt=3975
[sample_agent] [GPS] lat=473980129 lon=85461653 alt=4327 relAlt=3982
[sample_agent] [GPS] lat=473980135 lon=85461651 alt=4330 relAlt=3986
[sample_agent] 1. Heartbeat: type=MAV_TYPE_QUADROTOR, autopilot=MAV_AUTOPILOT_PX4, base_mode=157, custom_mode=67371008, system_status=MAV_STATE_ACTIVE, mavlink_version=3
[sample_agent] [GPS] lat=473980143 lon=85461648 alt=4333 relAlt=3989
[sample_agent] [GPS] lat=473980156 lon=85461645 alt=4338 relAlt=3993
[sample_agent] [GPS] lat=473980161 lon=85461644 alt=4340 relAlt=3995
[sample_agent] [GPS] lat=473980168 lon=85461645 alt=4343 relAlt=3998
[sample_agent] [GPS] lat=473980171 lon=85461645 alt=4344 relAlt=3999
[sample_agent] [GPS] lat=473980192 lon=85461665 alt=4351 relAlt=4007
[sample_agent] [GPS] lat=473980196 lon=85461678 alt=4349 relAlt=4004
[sample_agent] [GPS] lat=473980199 lon=85461711 alt=4342 relAlt=3997
[sample_agent] [GPS] lat=473980201 lon=85461728 alt=4341 relAlt=3996
[sample_agent] 1. Heartbeat: type=MAV_TYPE_QUADROTOR, autopilot=MAV_AUTOPILOT_PX4, base_mode=157, custom_mode=67371008, system_status=MAV_STATE_ACTIVE, mavlink_version=3
[sample_agent] [GPS] lat=473980202 lon=85461750 alt=4341 relAlt=3997
[sample_agent] [GPS] lat=473980203 lon=85461773 alt=4341 relAlt=3996
[sample_agent] [GPS] lat=473980209 lon=85461830 alt=4337 relAlt=3992
[sample_agent] [GPS] lat=473980210 lon=85461846 alt=4335 relAlt=3990
[sample_agent] [GPS] lat=473980211 lon=85461851 alt=4334 relAlt=3990
[sample_agent] [GPS] lat=473980217 lon=85461905 alt=4332 relAlt=3987
[sample_agent] [GPS] lat=473980220 lon=85461934 alt=4332 relAlt=3987
[sample_agent] [GPS] lat=473980222 lon=85461956 alt=4332 relAlt=3987
[sample_agent] [GPS] lat=473980224 lon=85461983 alt=4333 relAlt=3988
[sample_agent] 1. Heartbeat: type=MAV_TYPE_QUADROTOR, autopilot=MAV_AUTOPILOT_PX4, base_mode=157, custom_mode=67371008, system_status=MAV_STATE_ACTIVE, mavlink_version=3
[sample_agent] [GPS] lat=473980227 lon=85462024 alt=4338 relAlt=3993
[sample_agent] [GPS] lat=473980228 lon=85462042 alt=4343 relAlt=3999
[sample_agent] [GPS] lat=473980229 lon=85462052 alt=4355 relAlt=4010
[sample_agent] [GPS] lat=473980227 lon=85462071 alt=4395 relAlt=4050
[sample_agent] [GPS] lat=473980226 lon=85462076 alt=4394 relAlt=4050
[sample_agent] [GPS] lat=473980224 lon=85462082 alt=4385 relAlt=4040
[sample_agent] 1. Heartbeat: type=MAV_TYPE_QUADROTOR, autopilot=MAV_AUTOPILOT_PX4, base_mode=157, custom_mode=67371008, system_status=MAV_STATE_ACTIVE, mavlink_version=3
[sample_agent] [GPS] lat=473980220 lon=85462090 alt=4355 relAlt=4011
[sample_agent] [GPS] lat=473980218 lon=85462095 alt=4336 relAlt=3991
[sample_agent] [GPS] lat=473980215 lon=85462100 alt=4320 relAlt=3975
[sample_agent] [GPS] lat=473980212 lon=85462104 alt=4302 relAlt=3958
[sample_agent] PX4 status [MAV_SEVERITY_INFO]: Mission finished, loitering\t
[sample_agent] [GPS] lat=473980209 lon=85462108 alt=4288 relAlt=3943
[sample_agent] [GPS] lat=473980208 lon=85462109 alt=4283 relAlt=3938
[sample_agent] [GPS] lat=473980201 lon=85462120 alt=4262 relAlt=3918
[sample_agent] 1. Heartbeat: type=MAV_TYPE_QUADROTOR, autopilot=MAV_AUTOPILOT_PX4, base_mode=157, custom_mode=50593792, system_status=MAV_STATE_ACTIVE, mavlink_version=3
[sample_agent] [GPS] lat=473980199 lon=85462124 alt=4258 relAlt=3913
[sample_agent] [GPS] lat=473980196 lon=85462129 alt=4255 relAlt=3911
[sample_agent] [GPS] lat=473980194 lon=85462133 alt=4252 relAlt=3908
[sample_agent] [GPS] lat=473980191 lon=85462141 alt=4245 relAlt=3900
[sample_agent] [GPS] lat=473980189 lon=85462145 alt=4241 relAlt=3896
[sample_agent] [GPS] lat=473980188 lon=85462153 alt=4237 relAlt=3892
[sample_agent] [GPS] lat=473980188 lon=85462157 alt=4237 relAlt=3893
[sample_agent] [GPS] lat=473980188 lon=85462161 alt=4239 relAlt=3894
[sample_agent] 1. Heartbeat: type=MAV_TYPE_QUADROTOR, autopilot=MAV_AUTOPILOT_PX4, base_mode=157, custom_mode=50593792, system_status=MAV_STATE_ACTIVE, mavlink_version=3
[sample_agent] [GPS] lat=473980188 lon=85462164 alt=4241 relAlt=3897
[sample_agent] [GPS] lat=473980188 lon=85462168 alt=4244 relAlt=3899
[sample_agent] [GPS] lat=473980189 lon=85462174 alt=4250 relAlt=3906
[sample_agent] [GPS] lat=473980189 lon=85462179 alt=4254 relAlt=3909
[sample_agent] [GPS] lat=473980190 lon=85462183 alt=4258 relAlt=3913
[sample_agent] [GPS] lat=473980190 lon=85462186 alt=4260 relAlt=3915
[sample_agent] [GPS] lat=473980191 lon=85462193 alt=4266 relAlt=3921
[sample_agent] [GPS] lat=473980192 lon=85462196 alt=4269 relAlt=3924
[sample_agent] 1. Heartbeat: type=MAV_TYPE_QUADROTOR, autopilot=MAV_AUTOPILOT_PX4, base_mode=157, custom_mode=50593792, system_status=MAV_STATE_ACTIVE, mavlink_version=3
[sample_agent] [GPS] lat=473980192 lon=85462199 alt=4272 relAlt=3927
[sample_agent] [GPS] lat=473980194 lon=85462204 alt=4278 relAlt=3933
[sample_agent] [GPS] lat=473980194 lon=85462207 alt=4282 relAlt=3937
[sample_agent] [GPS] lat=473980196 lon=85462210 alt=4288 relAlt=3943
[sample_agent] [GPS] lat=473980197 lon=85462213 alt=4294 relAlt=3949
[sample_agent] [GPS] lat=473980197 lon=85462215 alt=4299 relAlt=3954
[sample_agent] PX4 status [MAV_SEVERITY_INFO]: Returning to launch\t
[sample_agent] [GPS] lat=473980199 lon=85462219 alt=4307 relAlt=3962
[sample_agent] [GPS] lat=473980200 lon=85462221 alt=4311 relAlt=3966
[sample_agent] 1. Heartbeat: type=MAV_TYPE_QUADROTOR, autopilot=MAV_AUTOPILOT_PX4, base_mode=157, custom_mode=84148224, system_status=MAV_STATE_ACTIVE, mavlink_version=3
[sample_agent] [GPS] lat=473980201 lon=85462224 alt=4335 relAlt=3990
[sample_agent] [GPS] lat=473980201 lon=85462225 alt=4368 relAlt=4023
[sample_agent] [GPS] lat=473980200 lon=85462225 alt=4488 relAlt=4143
[sample_agent] [GPS] lat=473980200 lon=85462225 alt=4593 relAlt=4249
[sample_agent] [GPS] lat=473980200 lon=85462225 alt=4714 relAlt=4369
[sample_agent] [GPS] lat=473980200 lon=85462226 alt=4868 relAlt=4523
[sample_agent] [GPS] lat=473980200 lon=85462226 alt=5015 relAlt=4670
[sample_agent] 1. Heartbeat: type=MAV_TYPE_QUADROTOR, autopilot=MAV_AUTOPILOT_PX4, base_mode=157, custom_mode=84148224, system_status=MAV_STATE_ACTIVE, mavlink_version=3
[sample_agent] [GPS] lat=473980200 lon=85462226 alt=5149 relAlt=4804
[sample_agent] [GPS] lat=473980200 lon=85462227 alt=5292 relAlt=4947
[sample_agent] [GPS] lat=473980200 lon=85462227 alt=5422 relAlt=5077
[sample_agent] [GPS] lat=473980200 lon=85462228 alt=5521 relAlt=5177
[sample_agent] [GPS] lat=473980200 lon=85462228 alt=5628 relAlt=5284
[sample_agent] [GPS] lat=473980200 lon=85462229 alt=5703 relAlt=5359
[sample_agent] [GPS] lat=473980200 lon=85462229 alt=5783 relAlt=5438
[sample_agent] [GPS] lat=473980200 lon=85462229 alt=5833 relAlt=5489
[sample_agent] [GPS] lat=473980200 lon=85462230 alt=5891 relAlt=5547
[sample_agent] [GPS] lat=473980199 lon=85462230 alt=5929 relAlt=5584
[sample_agent] [GPS] lat=473980199 lon=85462230 alt=6031 relAlt=5686
[sample_agent] 1. Heartbeat: type=MAV_TYPE_QUADROTOR, autopilot=MAV_AUTOPILOT_PX4, base_mode=157, custom_mode=84148224, system_status=MAV_STATE_ACTIVE, mavlink_version=3
[sample_agent] [GPS] lat=473980199 lon=85462231 alt=6154 relAlt=5809
[sample_agent] [GPS] lat=473980198 lon=85462231 alt=6202 relAlt=5857
[sample_agent] [GPS] lat=473980198 lon=85462231 alt=6319 relAlt=5974
[sample_agent] [GPS] lat=473980197 lon=85462231 alt=6364 relAlt=6019
[sample_agent] [GPS] lat=473980197 lon=85462231 alt=6398 relAlt=6053
[sample_agent] [GPS] lat=473980197 lon=85462232 alt=6424 relAlt=6079
[sample_agent] 1. Heartbeat: type=MAV_TYPE_QUADROTOR, autopilot=MAV_AUTOPILOT_PX4, base_mode=157, custom_mode=84148224, system_status=MAV_STATE_ACTIVE, mavlink_version=3
[sample_agent] [GPS] lat=473980197 lon=85462232 alt=6446 relAlt=6101
[sample_agent] [GPS] lat=473980197 lon=85462232 alt=6466 relAlt=6121
[sample_agent] [GPS] lat=473980197 lon=85462233 alt=6482 relAlt=6137
[sample_agent] [GPS] lat=473980197 lon=85462233 alt=6523 relAlt=6178
[sample_agent] [GPS] lat=473980197 lon=85462233 alt=6546 relAlt=6201
[sample_agent] [GPS] lat=473980197 lon=85462232 alt=6569 relAlt=6224
[sample_agent] [GPS] lat=473980195 lon=85462230 alt=6594 relAlt=6249
[sample_agent] [GPS] lat=473980192 lon=85462225 alt=6620 relAlt=6275
[sample_agent] [GPS] lat=473980188 lon=85462219 alt=6642 relAlt=6297
[sample_agent] [GPS] lat=473980179 lon=85462207 alt=6673 relAlt=6328
[sample_agent] 1. Heartbeat: type=MAV_TYPE_QUADROTOR, autopilot=MAV_AUTOPILOT_PX4, base_mode=157, custom_mode=84148224, system_status=MAV_STATE_ACTIVE, mavlink_version=3
[sample_agent] [GPS] lat=473980169 lon=85462193 alt=6700 relAlt=6355
[sample_agent] [GPS] lat=473980157 lon=85462178 alt=6725 relAlt=6380
[sample_agent] [GPS] lat=473980142 lon=85462161 alt=6748 relAlt=6403
[sample_agent] [GPS] lat=473980124 lon=85462141 alt=6770 relAlt=6425
[sample_agent] [GPS] lat=473980094 lon=85462109 alt=6796 relAlt=6451
[sample_agent] [GPS] lat=473980072 lon=85462086 alt=6813 relAlt=6468
[sample_agent] [GPS] lat=473980048 lon=85462059 alt=6829 relAlt=6485
[sample_agent] [GPS] lat=473980025 lon=85462035 alt=6844 relAlt=6499
[sample_agent] [GPS] lat=473980000 lon=85462008 alt=6859 relAlt=6514
[sample_agent] 1. Heartbeat: type=MAV_TYPE_QUADROTOR, autopilot=MAV_AUTOPILOT_PX4, base_mode=157, custom_mode=84148224, system_status=MAV_STATE_ACTIVE, mavlink_version=3
[sample_agent] [GPS] lat=473979986 lon=85461995 alt=6867 relAlt=6522
[sample_agent] [GPS] lat=473979955 lon=85461963 alt=6890 relAlt=6545
[sample_agent] [GPS] lat=473979913 lon=85461919 alt=6927 relAlt=6582
[sample_agent] [GPS] lat=473979895 lon=85461901 alt=6946 relAlt=6601
[sample_agent] [GPS] lat=473979865 lon=85461866 alt=6986 relAlt=6641
[sample_agent] [GPS] lat=473979854 lon=85461851 alt=7002 relAlt=6657
[sample_agent] PX4 status [MAV_SEVERITY_INFO]: RTL: land at destination\t
[sample_agent] [GPS] lat=473979836 lon=85461824 alt=7030 relAlt=6685
[sample_agent] 1. Heartbeat: type=MAV_TYPE_QUADROTOR, autopilot=MAV_AUTOPILOT_PX4, base_mode=157, custom_mode=84148224, system_status=MAV_STATE_ACTIVE, mavlink_version=3
[sample_agent] [GPS] lat=473979826 lon=85461807 alt=7045 relAlt=6700
[sample_agent] [GPS] lat=473979821 lon=85461800 alt=7045 relAlt=6700
[sample_agent] [GPS] lat=473979816 lon=85461792 alt=7030 relAlt=6685
[sample_agent] [GPS] lat=473979813 lon=85461786 alt=7006 relAlt=6661
[sample_agent] [GPS] lat=473979803 lon=85461771 alt=6871 relAlt=6526
[sample_agent] [GPS] lat=473979798 lon=85461764 alt=6779 relAlt=6434
[sample_agent] [GPS] lat=473979794 lon=85461759 alt=6701 relAlt=6356
[sample_agent] [GPS] lat=473979790 lon=85461752 alt=6610 relAlt=6266
[sample_agent] [GPS] lat=473979785 lon=85461746 alt=6520 relAlt=6176
[sample_agent] 1. Heartbeat: type=MAV_TYPE_QUADROTOR, autopilot=MAV_AUTOPILOT_PX4, base_mode=157, custom_mode=84148224, system_status=MAV_STATE_ACTIVE, mavlink_version=3
[sample_agent] PX4 status [MAV_SEVERITY_EMERGENCY]: Accel #0 fail:  TIMEOUT!\t
[sample_agent] [GPS] lat=473979781 lon=85461740 alt=6438 relAlt=6094
[sample_agent] [GPS] lat=473979778 lon=85461735 alt=6388 relAlt=6044
[sample_agent] [GPS] lat=473979773 lon=85461728 alt=6330 relAlt=5985
[sample_agent] [GPS] lat=473979767 lon=85461720 alt=6269 relAlt=5924
[sample_agent] [GPS] lat=473979763 lon=85461715 alt=6216 relAlt=5871
[sample_agent] [GPS] lat=473979760 lon=85461710 alt=6163 relAlt=5819
[sample_agent] [GPS] lat=473979756 lon=85461705 alt=6092 relAlt=5747
[sample_agent] [GPS] lat=473979753 lon=85461701 alt=6021 relAlt=5676
[sample_agent] [GPS] lat=473979745 lon=85461690 alt=5827 relAlt=5483
[sample_agent] 1. Heartbeat: type=MAV_TYPE_QUADROTOR, autopilot=MAV_AUTOPILOT_PX4, base_mode=157, custom_mode=84148224, system_status=MAV_STATE_ACTIVE, mavlink_version=3
[sample_agent] [GPS] lat=473979742 lon=85461685 alt=5740 relAlt=5395
[sample_agent] [GPS] lat=473979739 lon=85461682 alt=5659 relAlt=5314
[sample_agent] [GPS] lat=473979738 lon=85461680 alt=5614 relAlt=5269
[sample_agent] [GPS] lat=473979733 lon=85461674 alt=5493 relAlt=5148
[sample_agent] [GPS] lat=473979731 lon=85461671 alt=5413 relAlt=5068
[sample_agent] [GPS] lat=473979729 lon=85461669 alt=5349 relAlt=5005
[sample_agent] [GPS] lat=473979727 lon=85461666 alt=5293 relAlt=4948
[sample_agent] [GPS] lat=473979723 lon=85461662 alt=5160 relAlt=4815
[sample_agent] 1. Heartbeat: type=MAV_TYPE_QUADROTOR, autopilot=MAV_AUTOPILOT_PX4, base_mode=157, custom_mode=84148224, system_status=MAV_STATE_ACTIVE, mavlink_version=3
[sample_agent] [GPS] lat=473979721 lon=85461659 alt=5069 relAlt=4724
[sample_agent] [GPS] lat=473979719 lon=85461657 alt=4989 relAlt=4644
[sample_agent] [GPS] lat=473979718 lon=85461656 alt=4919 relAlt=4575
[sample_agent] [GPS] lat=473979715 lon=85461653 alt=4772 relAlt=4428
[sample_agent] [GPS] lat=473979714 lon=85461652 alt=4698 relAlt=4353
[sample_agent] [GPS] lat=473979713 lon=85461650 alt=4615 relAlt=4270
[sample_agent] [GPS] lat=473979712 lon=85461649 alt=4554 relAlt=4209
[sample_agent] [GPS] lat=473979711 lon=85461648 alt=4481 relAlt=4137
[sample_agent] [GPS] lat=473979711 lon=85461647 alt=4402 relAlt=4057
[sample_agent] 1. Heartbeat: type=MAV_TYPE_QUADROTOR, autopilot=MAV_AUTOPILOT_PX4, base_mode=157, custom_mode=84148224, system_status=MAV_STATE_ACTIVE, mavlink_version=3
[sample_agent] [GPS] lat=473979710 lon=85461646 alt=4332 relAlt=3987
[sample_agent] [GPS] lat=473979709 lon=85461645 alt=4246 relAlt=3901
[sample_agent] [GPS] lat=473979709 lon=85461644 alt=4165 relAlt=3821
[sample_agent] [GPS] lat=473979708 lon=85461643 alt=4021 relAlt=3677
[sample_agent] [GPS] lat=473979708 lon=85461642 alt=3900 relAlt=3555
[sample_agent] [GPS] lat=473979708 lon=85461642 alt=3827 relAlt=3482
[sample_agent] 1. Heartbeat: type=MAV_TYPE_QUADROTOR, autopilot=MAV_AUTOPILOT_PX4, base_mode=157, custom_mode=84148224, system_status=MAV_STATE_ACTIVE, mavlink_version=3
[sample_agent] [GPS] lat=473979708 lon=85461641 alt=3751 relAlt=3406
[sample_agent] [GPS] lat=473979708 lon=85461641 alt=3661 relAlt=3316
[sample_agent] [GPS] lat=473979708 lon=85461641 alt=3597 relAlt=3252
[sample_agent] [GPS] lat=473979708 lon=85461641 alt=3534 relAlt=3189
[sample_agent] [GPS] lat=473979708 lon=85461641 alt=3419 relAlt=3074
[sample_agent] [GPS] lat=473979709 lon=85461642 alt=3271 relAlt=2926
[sample_agent] [GPS] lat=473979709 lon=85461643 alt=3205 relAlt=2861
[sample_agent] [GPS] lat=473979709 lon=85461644 alt=3073 relAlt=2728
[sample_agent] [GPS] lat=473979709 lon=85461645 alt=3008 relAlt=2663
[sample_agent] 1. Heartbeat: type=MAV_TYPE_QUADROTOR, autopilot=MAV_AUTOPILOT_PX4, base_mode=157, custom_mode=84148224, system_status=MAV_STATE_ACTIVE, mavlink_version=3
[sample_agent] [GPS] lat=473979710 lon=85461645 alt=2934 relAlt=2589
[sample_agent] [GPS] lat=473979710 lon=85461646 alt=2780 relAlt=2435
[sample_agent] [GPS] lat=473979710 lon=85461646 alt=2714 relAlt=2370
[sample_agent] [GPS] lat=473979710 lon=85461646 alt=2666 relAlt=2321
[sample_agent] [GPS] lat=473979710 lon=85461646 alt=2628 relAlt=2283
[sample_agent] [GPS] lat=473979710 lon=85461646 alt=2567 relAlt=2223
[sample_agent] [GPS] lat=473979710 lon=85461647 alt=2473 relAlt=2129
[sample_agent] 1. Heartbeat: type=MAV_TYPE_QUADROTOR, autopilot=MAV_AUTOPILOT_PX4, base_mode=157, custom_mode=84148224, system_status=MAV_STATE_ACTIVE, mavlink_version=3
[sample_agent] [GPS] lat=473979710 lon=85461647 alt=2359 relAlt=2014
[sample_agent] [GPS] lat=473979710 lon=85461647 alt=2224 relAlt=1879
[sample_agent] [GPS] lat=473979709 lon=85461647 alt=2102 relAlt=1757
[sample_agent] [GPS] lat=473979709 lon=85461647 alt=2039 relAlt=1694
[sample_agent] [GPS] lat=473979709 lon=85461647 alt=1905 relAlt=1560
[sample_agent] [GPS] lat=473979708 lon=85461647 alt=1832 relAlt=1488
[sample_agent] [GPS] lat=473979708 lon=85461647 alt=1766 relAlt=1422
[sample_agent] [GPS] lat=473979708 lon=85461647 alt=1712 relAlt=1367
[sample_agent] 1. Heartbeat: type=MAV_TYPE_QUADROTOR, autopilot=MAV_AUTOPILOT_PX4, base_mode=157, custom_mode=84148224, system_status=MAV_STATE_ACTIVE, mavlink_version=3
[sample_agent] [GPS] lat=473979708 lon=85461647 alt=1624 relAlt=1279
[sample_agent] [GPS] lat=473979709 lon=85461647 alt=1555 relAlt=1210
[sample_agent] [GPS] lat=473979709 lon=85461647 alt=1492 relAlt=1147
[sample_agent] [GPS] lat=473979709 lon=85461647 alt=1430 relAlt=1085
[sample_agent] [GPS] lat=473979709 lon=85461647 alt=1368 relAlt=1023
[sample_agent] [GPS] lat=473979710 lon=85461647 alt=1306 relAlt=962
[sample_agent] [GPS] lat=473979710 lon=85461647 alt=1182 relAlt=837
[sample_agent] [GPS] lat=473979711 lon=85461647 alt=1043 relAlt=698
[sample_agent] 1. Heartbeat: type=MAV_TYPE_QUADROTOR, autopilot=MAV_AUTOPILOT_PX4, base_mode=157, custom_mode=84148224, system_status=MAV_STATE_ACTIVE, mavlink_version=3
[sample_agent] [GPS] lat=473979711 lon=85461647 alt=982 relAlt=637
[sample_agent] [GPS] lat=473979711 lon=85461647 alt=945 relAlt=600
[sample_agent] [GPS] lat=473979712 lon=85461647 alt=784 relAlt=440
[sample_agent] [GPS] lat=473979712 lon=85461647 alt=724 relAlt=380
[sample_agent] [GPS] lat=473979712 lon=85461648 alt=635 relAlt=290
[sample_agent] [GPS] lat=473979712 lon=85461648 alt=569 relAlt=224
[sample_agent] [GPS] lat=473979711 lon=85461648 alt=435 relAlt=90
[sample_agent] 1. Heartbeat: type=MAV_TYPE_QUADROTOR, autopilot=MAV_AUTOPILOT_PX4, base_mode=157, custom_mode=84148224, system_status=MAV_STATE_ACTIVE, mavlink_version=3
[sample_agent] [GPS] lat=473979711 lon=85461649 alt=300 relAlt=-44
[sample_agent] [GPS] lat=473979712 lon=85461649 alt=230 relAlt=-114
[sample_agent] [GPS] lat=473979712 lon=85461649 alt=166 relAlt=-178
[sample_agent] [GPS] lat=473979712 lon=85461649 alt=103 relAlt=-241
[sample_agent] [GPS] lat=473979712 lon=85461649 alt=51 relAlt=-293
[sample_agent] [GPS] lat=473979712 lon=85461649 alt=13 relAlt=-331
[sample_agent] [GPS] lat=473979712 lon=85461649 alt=18 relAlt=-326
[sample_agent] [GPS] lat=473979712 lon=85461649 alt=24 relAlt=-320
[sample_agent] 1. Heartbeat: type=MAV_TYPE_QUADROTOR, autopilot=MAV_AUTOPILOT_PX4, base_mode=157, custom_mode=84148224, system_status=MAV_STATE_ACTIVE, mavlink_version=3
[sample_agent] [GPS] lat=473979712 lon=85461650 alt=35 relAlt=-308
[sample_agent] [GPS] lat=473979712 lon=85461650 alt=38 relAlt=-306
[sample_agent] [GPS] lat=473979712 lon=85461650 alt=40 relAlt=-304
[sample_agent] [GPS] lat=473979712 lon=85461650 alt=40 relAlt=-303
[sample_agent] [GPS] lat=473979712 lon=85461650 alt=39 relAlt=-304
[sample_agent] [GPS] lat=473979711 lon=85461650 alt=39 relAlt=-305
[sample_agent] [GPS] lat=473979711 lon=85461651 alt=38 relAlt=-306
[sample_agent] [GPS] lat=473979711 lon=85461651 alt=36 relAlt=-307
[sample_agent] PX4 status [MAV_SEVERITY_INFO]: Landing detected\t
[sample_agent] [GPS] lat=473979711 lon=85461651 alt=35 relAlt=-309
[sample_agent] 1. Heartbeat: type=MAV_TYPE_QUADROTOR, autopilot=MAV_AUTOPILOT_PX4, base_mode=157, custom_mode=84148224, system_status=MAV_STATE_ACTIVE, mavlink_version=3
[sample_agent] [GPS] lat=473979711 lon=85461652 alt=32 relAlt=-312
[sample_agent] [GPS] lat=473979710 lon=85461653 alt=26 relAlt=-318
[sample_agent] [GPS] lat=473979710 lon=85461653 alt=24 relAlt=-319
[sample_agent] [GPS] lat=473979710 lon=85461654 alt=23 relAlt=-321
[sample_agent] [GPS] lat=473979710 lon=85461654 alt=21 relAlt=-323
[sample_agent] [GPS] lat=473979710 lon=85461654 alt=18 relAlt=-326
[sample_agent] [GPS] lat=473979710 lon=85461654 alt=16 relAlt=-328
[sample_agent] [GPS] lat=473979710 lon=85461654 alt=13 relAlt=-331
[sample_agent] 1. Heartbeat: type=MAV_TYPE_QUADROTOR, autopilot=MAV_AUTOPILOT_PX4, base_mode=157, custom_mode=84148224, system_status=MAV_STATE_ACTIVE, mavlink_version=3
[sample_agent] [GPS] lat=473979710 lon=85461653 alt=9 relAlt=-335
[sample_agent] [GPS] lat=473979710 lon=85461653 alt=6 relAlt=-338
[sample_agent] [GPS] lat=473979710 lon=85461652 alt=4 relAlt=-340
[sample_agent] [GPS] lat=473979710 lon=85461652 alt=3 relAlt=-341
[sample_agent] [GPS] lat=473979709 lon=85461652 alt=1 relAlt=-342
[sample_agent] [GPS] lat=473979709 lon=85461652 alt=0 relAlt=-344
[sample_agent] PX4 status [MAV_SEVERITY_INFO]: Disarmed by landing\t
[sample_agent] [GPS] lat=473979709 lon=85461652 alt=-1 relAlt=-346
[sample_agent] [GPS] lat=473979710 lon=85461651 alt=-6 relAlt=-350
[sample_agent] 1. Heartbeat: type=MAV_TYPE_QUADROTOR, autopilot=MAV_AUTOPILOT_PX4, base_mode=29, custom_mode=50593792, system_status=MAV_STATE_STANDBY, mavlink_version=3
[sample_agent] [GPS] lat=473979710 lon=85461651 alt=-5 relAlt=-349
[sample_agent] [GPS] lat=473979710 lon=85461652 alt=-5 relAlt=-349
[sample_agent] [GPS] lat=473979710 lon=85461652 alt=-6 relAlt=-351
[sample_agent] [GPS] lat=473979710 lon=85461652 alt=-6 relAlt=-351
[sample_agent] [GPS] lat=473979710 lon=85461652 alt=-5 relAlt=-350
[sample_agent] [GPS] lat=473979710 lon=85461653 alt=0 relAlt=-345
[sample_agent] [GPS] lat=473979711 lon=85461653 alt=10 relAlt=-334
[sample_agent] [GPS] lat=473979711 lon=85461654 alt=20 relAlt=-323
[sample_agent] [GPS] lat=473979711 lon=85461654 alt=31 relAlt=-313
[sample_agent] [GPS] lat=473979711 lon=85461654 alt=53 relAlt=-291
[sample_agent] 1. Heartbeat: type=MAV_TYPE_QUADROTOR, autopilot=MAV_AUTOPILOT_PX4, base_mode=29, custom_mode=50593792, system_status=MAV_STATE_STANDBY, mavlink_version=3
[sample_agent] [GPS] lat=473979711 lon=85461654 alt=63 relAlt=-281
[sample_agent] [GPS] lat=473979711 lon=85461654 alt=72 relAlt=-272
[sample_agent] [GPS] lat=473979711 lon=85461654 alt=82 relAlt=-261
[sample_agent] [GPS] lat=473979711 lon=85461655 alt=95 relAlt=-249
[sample_agent] [GPS] lat=473979712 lon=85461656 alt=109 relAlt=-235
[sample_agent] [GPS] lat=473979712 lon=85461656 alt=119 relAlt=-225
[sample_agent] [GPS] lat=473979712 lon=85461655 alt=128 relAlt=-216
[sample_agent] 1. Heartbeat: type=MAV_TYPE_QUADROTOR, autopilot=MAV_AUTOPILOT_PX4, base_mode=29, custom_mode=50593792, system_status=MAV_STATE_STANDBY, mavlink_version=3
[sample_agent] [GPS] lat=473979712 lon=85461655 alt=136 relAlt=-208
[sample_agent] [GPS] lat=473979712 lon=85461655 alt=143 relAlt=-201
[sample_agent] [GPS] lat=473979712 lon=85461655 alt=150 relAlt=-194
[sample_agent] [GPS] lat=473979712 lon=85461655 alt=152 relAlt=-192
[sample_agent] [GPS] lat=473979712 lon=85461654 alt=152 relAlt=-192
[sample_agent] [GPS] lat=473979712 lon=85461654 alt=152 relAlt=-192
[sample_agent] [GPS] lat=473979713 lon=85461654 alt=152 relAlt=-191
[sample_agent] [GPS] lat=473979713 lon=85461654 alt=151 relAlt=-192
[sample_agent] [GPS] lat=473979712 lon=85461654 alt=149 relAlt=-195
[sample_agent] 1. Heartbeat: type=MAV_TYPE_QUADROTOR, autopilot=MAV_AUTOPILOT_PX4, base_mode=29, custom_mode=50593792, system_status=MAV_STATE_STANDBY, mavlink_version=3
[sample_agent] [GPS] lat=473979712 lon=85461654 alt=148 relAlt=-196
